#
# A fatal error has been detected by the Java Runtime Environment:
#
#  EXCEPTION_ACCESS_VIOLATION (0xc0000005) at pc=0x0000000000000000, pid=12032, tid=15172
#
# JRE version: Java(TM) SE Runtime Environment (19.0.1+10) (build 19.0.1+10-21)
# Java VM: Java HotSpot(TM) 64-Bit Server VM (19.0.1+10-21, mixed mode, sharing, tiered, compressed oops, compressed class ptrs, g1 gc, windows-amd64)
# Problematic frame:
# C  0x0000000000000000
#
# No core dump will be written. Minidumps are not enabled by default on client versions of Windows
#
# If you would like to submit a bug report, please visit:
#   https://bugreport.java.com/bugreport/crash.jsp
# The crash happened outside the Java Virtual Machine in native code.
# See problematic frame for where to report the bug.
#

---------------  S U M M A R Y ------------

Command Line: -XX:+ShowCodeDetailsInExceptionMessages programaPrincipal.ProgramaPrincipal

Host: AMD Ryzen 7 5700U with Radeon Graphics         , 16 cores, 5G,  Windows 11 , 64 bit Build 22621 (10.0.22621.2070)
Time: Sat Aug 12 14:04:18 2023 Hora oficial do Brasil elapsed time: 3.685077 seconds (0d 0h 0m 3s)

---------------  T H R E A D  ---------------

Current thread (0x00000237130905f0):  JavaThread "main" [_thread_in_native, id=15172, stack(0x00000084ae400000,0x00000084ae500000)]

Stack: [0x00000084ae400000,0x00000084ae500000],  sp=0x00000084ae4fe618,  free space=1017k
Native frames: (J=compiled Java code, j=interpreted, Vv=VM code, C=native code)

Java frames: (J=compiled Java code, j=interpreted, Vv=VM code)
j  com.raylib.Raylib.LoadFontEx(Ljava/lang/String;ILjava/nio/IntBuffer;I)Lcom/raylib/Raylib$Font;+0
j  interfaceGrafica.InterfaceGrafica.<clinit>()V+7
v  ~StubRoutines::call_stub 0x000002372244100e
j  programaPrincipal.ProgramaPrincipal.<clinit>()V+40
v  ~StubRoutines::call_stub 0x000002372244100e

siginfo: EXCEPTION_ACCESS_VIOLATION (0xc0000005), data execution prevention violation at address 0x0000000000000000


Registers:
RAX=0x0000c55af972b8c0, RBX=0x0000000000000002, RCX=0x0000000000000de1, RDX=0x0000000000000000
RSP=0x00000084ae4fe618, RBP=0x00000084ae4fe7c1, RSI=0x0000000000001000, RDI=0x0000000000001000
R8 =0x0000000000001000, R9 =0x0000000000000002, R10=0x0000000000000000, R11=0x00000084ae4fe5b0
R12=0x0000023735760940, R13=0x000002376ce7f040, R14=0x0000000000001000, R15=0x0000000000000000
RIP=0x0000000000000000, EFLAGS=0x0000000000010246


Register to memory mapping:

RIP=0x0 is NULL
RAX=0x0000c55af972b8c0 is an unknown value
RBX=0x0000000000000002 is an unknown value
RCX=0x0000000000000de1 is an unknown value
RDX=0x0 is NULL
RSP=0x00000084ae4fe618 is pointing into the stack for thread: 0x00000237130905f0
RBP=0x00000084ae4fe7c1 is pointing into the stack for thread: 0x00000237130905f0
RSI=0x0000000000001000 is an unknown value
RDI=0x0000000000001000 is an unknown value
R8 =0x0000000000001000 is an unknown value
R9 =0x0000000000000002 is an unknown value
R10=0x0 is NULL
R11=0x00000084ae4fe5b0 is pointing into the stack for thread: 0x00000237130905f0
R12=0x0000023735760940 points into unknown readable memory: 0x0000000000000000 | 00 00 00 00 00 00 00 00
R13=0x000002376ce7f040 points into unknown readable memory: 0x00ff00ff00ff00ff | ff 00 ff 00 ff 00 ff 00
R14=0x0000000000001000 is an unknown value
R15=0x0 is NULL


Top of Stack: (sp=0x00000084ae4fe618)
0x00000084ae4fe618:   00007ffb99866e32 000002376ce7f040
0x00000084ae4fe628:   0000023735756c18 0000000000000000
0x00000084ae4fe638:   0000000000000000 000002376ce7f040
0x00000084ae4fe648:   00007ffb998ae3d1 0000000041300000
0x00000084ae4fe658:   0000000000000000 0000000044cc5fec
0x00000084ae4fe668:   0000000000000000 0000023735b1d0a0
0x00000084ae4fe678:   0000019000000064 0000100000001000
0x00000084ae4fe688:   0000023735756620 000000000000005f
0x00000084ae4fe698:   000000000000005f 0000000000000000
0x00000084ae4fe6a8:   0000c55af972b8c0 0000000000000000
0x00000084ae4fe6b8:   0000000000000000 0000000000000000
0x00000084ae4fe6c8:   00000084ae4fe898 0000000000000000
0x00000084ae4fe6d8:   00000084ae4fe898 0000000000000000
0x00000084ae4fe6e8:   0000000000000001 00000084ae4fe878
0x00000084ae4fe6f8:   00007ffb998ad179 0000023700004000
0x00000084ae4fe708:   00000084ae4fe878 00000084ae4fe898 

Instructions: (pc=0x0000000000000000)
0xffffffffffffff00:   


Stack slot to memory mapping:
stack at sp + 0 slots: 0x00007ffb99866e32 raylib.dll
stack at sp + 1 slots: 0x000002376ce7f040 points into unknown readable memory: 0x00ff00ff00ff00ff | ff 00 ff 00 ff 00 ff 00
stack at sp + 2 slots: 0x0000023735756c18 points into unknown readable memory: 0x00365b5602d15b94 | 94 5b d1 02 56 5b 36 00
stack at sp + 3 slots: 0x0 is NULL
stack at sp + 4 slots: 0x0 is NULL
stack at sp + 5 slots: 0x000002376ce7f040 points into unknown readable memory: 0x00ff00ff00ff00ff | ff 00 ff 00 ff 00 ff 00
stack at sp + 6 slots: 0x00007ffb998ae3d1 raylib.dll
stack at sp + 7 slots: 0x0000000041300000 is an unknown value


---------------  P R O C E S S  ---------------

Threads class SMR info:
_java_thread_list=0x00000237357a4020, length=13, elements={
0x00000237130905f0, 0x0000023730fb8990, 0x0000023730fb90d0, 0x0000023730fbcb90,
0x0000023730fbf1e0, 0x0000023730fbf720, 0x0000023730fc1c70, 0x0000023730fc64f0,
0x0000023730fcbf80, 0x0000023730fd6a90, 0x0000023730fd5000, 0x0000023730fd5ff0,
0x0000023730fd5550
}

Java Threads: ( => current thread )
=>0x00000237130905f0 JavaThread "main" [_thread_in_native, id=15172, stack(0x00000084ae400000,0x00000084ae500000)]
  0x0000023730fb8990 JavaThread "Reference Handler" daemon [_thread_blocked, id=18520, stack(0x00000084aeb00000,0x00000084aec00000)]
  0x0000023730fb90d0 JavaThread "Finalizer" daemon [_thread_blocked, id=16340, stack(0x00000084aec00000,0x00000084aed00000)]
  0x0000023730fbcb90 JavaThread "Signal Dispatcher" daemon [_thread_blocked, id=5088, stack(0x00000084aed00000,0x00000084aee00000)]
  0x0000023730fbf1e0 JavaThread "Attach Listener" daemon [_thread_blocked, id=5836, stack(0x00000084aee00000,0x00000084aef00000)]
  0x0000023730fbf720 JavaThread "Service Thread" daemon [_thread_blocked, id=17444, stack(0x00000084aef00000,0x00000084af000000)]
  0x0000023730fc1c70 JavaThread "Monitor Deflation Thread" daemon [_thread_blocked, id=11280, stack(0x00000084af000000,0x00000084af100000)]
  0x0000023730fc64f0 JavaThread "C2 CompilerThread0" daemon [_thread_blocked, id=18308, stack(0x00000084af100000,0x00000084af200000)]
  0x0000023730fcbf80 JavaThread "C1 CompilerThread0" daemon [_thread_blocked, id=15432, stack(0x00000084af200000,0x00000084af300000)]
  0x0000023730fd6a90 JavaThread "Sweeper thread" daemon [_thread_blocked, id=18196, stack(0x00000084af300000,0x00000084af400000)]
  0x0000023730fd5000 JavaThread "Notification Thread" daemon [_thread_blocked, id=12800, stack(0x00000084af600000,0x00000084af700000)]
  0x0000023730fd5ff0 JavaThread "Common-Cleaner" daemon [_thread_blocked, id=11188, stack(0x00000084af800000,0x00000084af900000)]
  0x0000023730fd5550 JavaThread "JavaCPP Deallocator" daemon [_thread_blocked, id=5528, stack(0x00000084afb00000,0x00000084afc00000)]

Other Threads:
  0x0000023730f9d510 VMThread "VM Thread" [stack: 0x00000084aea00000,0x00000084aeb00000] [id=2816]
  0x00000237354e3700 WatcherThread "VM Periodic Task Thread" [stack: 0x00000084af700000,0x00000084af800000] [id=9676]
  0x00000237130e0820 WorkerThread "GC Thread#0" [stack: 0x00000084ae500000,0x00000084ae600000] [id=3248]
  0x00000237130ed340 ConcurrentGCThread "G1 Main Marker" [stack: 0x00000084ae600000,0x00000084ae700000] [id=8916]
  0x00000237130ee140 WorkerThread "G1 Conc#0" [stack: 0x00000084ae700000,0x00000084ae800000] [id=7024]
  0x000002371314ebd0 ConcurrentGCThread "G1 Refine#0" [stack: 0x00000084ae800000,0x00000084ae900000] [id=18948]
  0x0000023730e5a6f0 ConcurrentGCThread "G1 Service" [stack: 0x00000084ae900000,0x00000084aea00000] [id=17640]

Threads with active compile tasks:

VM state: not at safepoint (normal execution)

VM Mutex/Monitor currently owned by a thread: None

Heap address: 0x00000000a2200000, size: 1502 MB, Compressed Oops mode: 32-bit

CDS archive(s) mapped at: [0x0000000800000000-0x0000000800c40000-0x0000000800c40000), size 12845056, SharedBaseAddress: 0x0000000800000000, ArchiveRelocationMode: 0.
Compressed class space mapped at: 0x0000000801000000-0x0000000841000000, reserved size: 1073741824
Narrow klass base: 0x0000000800000000, Narrow klass shift: 0, Narrow klass range: 0x100000000

GC Precious Log:
 CardTable entry size: 512
 Card Set container configuration: InlinePtr #cards 5 size 8 Array Of Cards #cards 12 size 40 Howl #buckets 4 coarsen threshold 1843 Howl Bitmap #cards 512 size 80 coarsen threshold 460 Card regions per heap region 1 cards per card region 2048
 CPUs: 16 total, 16 available
 Memory: 6005M
 Large Page Support: Disabled
 NUMA Support: Disabled
 Compressed Oops: Enabled (32-bit)
 Heap Region Size: 1M
 Heap Min Capacity: 8M
 Heap Initial Capacity: 94M
 Heap Max Capacity: 1502M
 Pre-touch: Disabled
 Parallel Workers: 13
 Concurrent Workers: 3
 Concurrent Refinement Workers: 13
 Periodic GC: Disabled

Heap:
 garbage-first heap   total 96256K, used 4096K [0x00000000a2200000, 0x0000000100000000)
  region size 1024K, 6 young (6144K), 0 survivors (0K)
 Metaspace       used 1971K, committed 2112K, reserved 1114112K
  class space    used 183K, committed 256K, reserved 1048576K

Heap Regions: E=young(eden), S=young(survivor), O=old, HS=humongous(starts), HC=humongous(continues), CS=collection set, F=free, OA=open archive, CA=closed archive, TAMS=top-at-mark-start (previous, next)
|   0|0x00000000a2200000, 0x00000000a2200000, 0x00000000a2300000|  0%| F|  |TAMS 0x00000000a2200000, 0x00000000a2200000| Untracked 
|   1|0x00000000a2300000, 0x00000000a2300000, 0x00000000a2400000|  0%| F|  |TAMS 0x00000000a2300000, 0x00000000a2300000| Untracked 
|   2|0x00000000a2400000, 0x00000000a2400000, 0x00000000a2500000|  0%| F|  |TAMS 0x00000000a2400000, 0x00000000a2400000| Untracked 
|   3|0x00000000a2500000, 0x00000000a2500000, 0x00000000a2600000|  0%| F|  |TAMS 0x00000000a2500000, 0x00000000a2500000| Untracked 
|   4|0x00000000a2600000, 0x00000000a2600000, 0x00000000a2700000|  0%| F|  |TAMS 0x00000000a2600000, 0x00000000a2600000| Untracked 
|   5|0x00000000a2700000, 0x00000000a2700000, 0x00000000a2800000|  0%| F|  |TAMS 0x00000000a2700000, 0x00000000a2700000| Untracked 
|   6|0x00000000a2800000, 0x00000000a2800000, 0x00000000a2900000|  0%| F|  |TAMS 0x00000000a2800000, 0x00000000a2800000| Untracked 
|   7|0x00000000a2900000, 0x00000000a2900000, 0x00000000a2a00000|  0%| F|  |TAMS 0x00000000a2900000, 0x00000000a2900000| Untracked 
|   8|0x00000000a2a00000, 0x00000000a2a00000, 0x00000000a2b00000|  0%| F|  |TAMS 0x00000000a2a00000, 0x00000000a2a00000| Untracked 
|   9|0x00000000a2b00000, 0x00000000a2b00000, 0x00000000a2c00000|  0%| F|  |TAMS 0x00000000a2b00000, 0x00000000a2b00000| Untracked 
|  10|0x00000000a2c00000, 0x00000000a2c00000, 0x00000000a2d00000|  0%| F|  |TAMS 0x00000000a2c00000, 0x00000000a2c00000| Untracked 
|  11|0x00000000a2d00000, 0x00000000a2d00000, 0x00000000a2e00000|  0%| F|  |TAMS 0x00000000a2d00000, 0x00000000a2d00000| Untracked 
|  12|0x00000000a2e00000, 0x00000000a2e00000, 0x00000000a2f00000|  0%| F|  |TAMS 0x00000000a2e00000, 0x00000000a2e00000| Untracked 
|  13|0x00000000a2f00000, 0x00000000a2f00000, 0x00000000a3000000|  0%| F|  |TAMS 0x00000000a2f00000, 0x00000000a2f00000| Untracked 
|  14|0x00000000a3000000, 0x00000000a3000000, 0x00000000a3100000|  0%| F|  |TAMS 0x00000000a3000000, 0x00000000a3000000| Untracked 
|  15|0x00000000a3100000, 0x00000000a3100000, 0x00000000a3200000|  0%| F|  |TAMS 0x00000000a3100000, 0x00000000a3100000| Untracked 
|  16|0x00000000a3200000, 0x00000000a3200000, 0x00000000a3300000|  0%| F|  |TAMS 0x00000000a3200000, 0x00000000a3200000| Untracked 
|  17|0x00000000a3300000, 0x00000000a3300000, 0x00000000a3400000|  0%| F|  |TAMS 0x00000000a3300000, 0x00000000a3300000| Untracked 
|  18|0x00000000a3400000, 0x00000000a3400000, 0x00000000a3500000|  0%| F|  |TAMS 0x00000000a3400000, 0x00000000a3400000| Untracked 
|  19|0x00000000a3500000, 0x00000000a3500000, 0x00000000a3600000|  0%| F|  |TAMS 0x00000000a3500000, 0x00000000a3500000| Untracked 
|  20|0x00000000a3600000, 0x00000000a3600000, 0x00000000a3700000|  0%| F|  |TAMS 0x00000000a3600000, 0x00000000a3600000| Untracked 
|  21|0x00000000a3700000, 0x00000000a3700000, 0x00000000a3800000|  0%| F|  |TAMS 0x00000000a3700000, 0x00000000a3700000| Untracked 
|  22|0x00000000a3800000, 0x00000000a3800000, 0x00000000a3900000|  0%| F|  |TAMS 0x00000000a3800000, 0x00000000a3800000| Untracked 
|  23|0x00000000a3900000, 0x00000000a3900000, 0x00000000a3a00000|  0%| F|  |TAMS 0x00000000a3900000, 0x00000000a3900000| Untracked 
|  24|0x00000000a3a00000, 0x00000000a3a00000, 0x00000000a3b00000|  0%| F|  |TAMS 0x00000000a3a00000, 0x00000000a3a00000| Untracked 
|  25|0x00000000a3b00000, 0x00000000a3b00000, 0x00000000a3c00000|  0%| F|  |TAMS 0x00000000a3b00000, 0x00000000a3b00000| Untracked 
|  26|0x00000000a3c00000, 0x00000000a3c00000, 0x00000000a3d00000|  0%| F|  |TAMS 0x00000000a3c00000, 0x00000000a3c00000| Untracked 
|  27|0x00000000a3d00000, 0x00000000a3d00000, 0x00000000a3e00000|  0%| F|  |TAMS 0x00000000a3d00000, 0x00000000a3d00000| Untracked 
|  28|0x00000000a3e00000, 0x00000000a3e00000, 0x00000000a3f00000|  0%| F|  |TAMS 0x00000000a3e00000, 0x00000000a3e00000| Untracked 
|  29|0x00000000a3f00000, 0x00000000a3f00000, 0x00000000a4000000|  0%| F|  |TAMS 0x00000000a3f00000, 0x00000000a3f00000| Untracked 
|  30|0x00000000a4000000, 0x00000000a4000000, 0x00000000a4100000|  0%| F|  |TAMS 0x00000000a4000000, 0x00000000a4000000| Untracked 
|  31|0x00000000a4100000, 0x00000000a4100000, 0x00000000a4200000|  0%| F|  |TAMS 0x00000000a4100000, 0x00000000a4100000| Untracked 
|  32|0x00000000a4200000, 0x00000000a4200000, 0x00000000a4300000|  0%| F|  |TAMS 0x00000000a4200000, 0x00000000a4200000| Untracked 
|  33|0x00000000a4300000, 0x00000000a4300000, 0x00000000a4400000|  0%| F|  |TAMS 0x00000000a4300000, 0x00000000a4300000| Untracked 
|  34|0x00000000a4400000, 0x00000000a4400000, 0x00000000a4500000|  0%| F|  |TAMS 0x00000000a4400000, 0x00000000a4400000| Untracked 
|  35|0x00000000a4500000, 0x00000000a4500000, 0x00000000a4600000|  0%| F|  |TAMS 0x00000000a4500000, 0x00000000a4500000| Untracked 
|  36|0x00000000a4600000, 0x00000000a4600000, 0x00000000a4700000|  0%| F|  |TAMS 0x00000000a4600000, 0x00000000a4600000| Untracked 
|  37|0x00000000a4700000, 0x00000000a4700000, 0x00000000a4800000|  0%| F|  |TAMS 0x00000000a4700000, 0x00000000a4700000| Untracked 
|  38|0x00000000a4800000, 0x00000000a4800000, 0x00000000a4900000|  0%| F|  |TAMS 0x00000000a4800000, 0x00000000a4800000| Untracked 
|  39|0x00000000a4900000, 0x00000000a4900000, 0x00000000a4a00000|  0%| F|  |TAMS 0x00000000a4900000, 0x00000000a4900000| Untracked 
|  40|0x00000000a4a00000, 0x00000000a4a00000, 0x00000000a4b00000|  0%| F|  |TAMS 0x00000000a4a00000, 0x00000000a4a00000| Untracked 
|  41|0x00000000a4b00000, 0x00000000a4b00000, 0x00000000a4c00000|  0%| F|  |TAMS 0x00000000a4b00000, 0x00000000a4b00000| Untracked 
|  42|0x00000000a4c00000, 0x00000000a4c00000, 0x00000000a4d00000|  0%| F|  |TAMS 0x00000000a4c00000, 0x00000000a4c00000| Untracked 
|  43|0x00000000a4d00000, 0x00000000a4d00000, 0x00000000a4e00000|  0%| F|  |TAMS 0x00000000a4d00000, 0x00000000a4d00000| Untracked 
|  44|0x00000000a4e00000, 0x00000000a4e00000, 0x00000000a4f00000|  0%| F|  |TAMS 0x00000000a4e00000, 0x00000000a4e00000| Untracked 
|  45|0x00000000a4f00000, 0x00000000a4f00000, 0x00000000a5000000|  0%| F|  |TAMS 0x00000000a4f00000, 0x00000000a4f00000| Untracked 
|  46|0x00000000a5000000, 0x00000000a5000000, 0x00000000a5100000|  0%| F|  |TAMS 0x00000000a5000000, 0x00000000a5000000| Untracked 
|  47|0x00000000a5100000, 0x00000000a5100000, 0x00000000a5200000|  0%| F|  |TAMS 0x00000000a5100000, 0x00000000a5100000| Untracked 
|  48|0x00000000a5200000, 0x00000000a5200000, 0x00000000a5300000|  0%| F|  |TAMS 0x00000000a5200000, 0x00000000a5200000| Untracked 
|  49|0x00000000a5300000, 0x00000000a5300000, 0x00000000a5400000|  0%| F|  |TAMS 0x00000000a5300000, 0x00000000a5300000| Untracked 
|  50|0x00000000a5400000, 0x00000000a5400000, 0x00000000a5500000|  0%| F|  |TAMS 0x00000000a5400000, 0x00000000a5400000| Untracked 
|  51|0x00000000a5500000, 0x00000000a5500000, 0x00000000a5600000|  0%| F|  |TAMS 0x00000000a5500000, 0x00000000a5500000| Untracked 
|  52|0x00000000a5600000, 0x00000000a5600000, 0x00000000a5700000|  0%| F|  |TAMS 0x00000000a5600000, 0x00000000a5600000| Untracked 
|  53|0x00000000a5700000, 0x00000000a5700000, 0x00000000a5800000|  0%| F|  |TAMS 0x00000000a5700000, 0x00000000a5700000| Untracked 
|  54|0x00000000a5800000, 0x00000000a5800000, 0x00000000a5900000|  0%| F|  |TAMS 0x00000000a5800000, 0x00000000a5800000| Untracked 
|  55|0x00000000a5900000, 0x00000000a5900000, 0x00000000a5a00000|  0%| F|  |TAMS 0x00000000a5900000, 0x00000000a5900000| Untracked 
|  56|0x00000000a5a00000, 0x00000000a5a00000, 0x00000000a5b00000|  0%| F|  |TAMS 0x00000000a5a00000, 0x00000000a5a00000| Untracked 
|  57|0x00000000a5b00000, 0x00000000a5b00000, 0x00000000a5c00000|  0%| F|  |TAMS 0x00000000a5b00000, 0x00000000a5b00000| Untracked 
|  58|0x00000000a5c00000, 0x00000000a5c00000, 0x00000000a5d00000|  0%| F|  |TAMS 0x00000000a5c00000, 0x00000000a5c00000| Untracked 
|  59|0x00000000a5d00000, 0x00000000a5d00000, 0x00000000a5e00000|  0%| F|  |TAMS 0x00000000a5d00000, 0x00000000a5d00000| Untracked 
|  60|0x00000000a5e00000, 0x00000000a5e00000, 0x00000000a5f00000|  0%| F|  |TAMS 0x00000000a5e00000, 0x00000000a5e00000| Untracked 
|  61|0x00000000a5f00000, 0x00000000a5f00000, 0x00000000a6000000|  0%| F|  |TAMS 0x00000000a5f00000, 0x00000000a5f00000| Untracked 
|  62|0x00000000a6000000, 0x00000000a6000000, 0x00000000a6100000|  0%| F|  |TAMS 0x00000000a6000000, 0x00000000a6000000| Untracked 
|  63|0x00000000a6100000, 0x00000000a6100000, 0x00000000a6200000|  0%| F|  |TAMS 0x00000000a6100000, 0x00000000a6100000| Untracked 
|  64|0x00000000a6200000, 0x00000000a6200000, 0x00000000a6300000|  0%| F|  |TAMS 0x00000000a6200000, 0x00000000a6200000| Untracked 
|  65|0x00000000a6300000, 0x00000000a6300000, 0x00000000a6400000|  0%| F|  |TAMS 0x00000000a6300000, 0x00000000a6300000| Untracked 
|  66|0x00000000a6400000, 0x00000000a6400000, 0x00000000a6500000|  0%| F|  |TAMS 0x00000000a6400000, 0x00000000a6400000| Untracked 
|  67|0x00000000a6500000, 0x00000000a6500000, 0x00000000a6600000|  0%| F|  |TAMS 0x00000000a6500000, 0x00000000a6500000| Untracked 
|  68|0x00000000a6600000, 0x00000000a6600000, 0x00000000a6700000|  0%| F|  |TAMS 0x00000000a6600000, 0x00000000a6600000| Untracked 
|  69|0x00000000a6700000, 0x00000000a6700000, 0x00000000a6800000|  0%| F|  |TAMS 0x00000000a6700000, 0x00000000a6700000| Untracked 
|  70|0x00000000a6800000, 0x00000000a6800000, 0x00000000a6900000|  0%| F|  |TAMS 0x00000000a6800000, 0x00000000a6800000| Untracked 
|  71|0x00000000a6900000, 0x00000000a6900000, 0x00000000a6a00000|  0%| F|  |TAMS 0x00000000a6900000, 0x00000000a6900000| Untracked 
|  72|0x00000000a6a00000, 0x00000000a6a00000, 0x00000000a6b00000|  0%| F|  |TAMS 0x00000000a6a00000, 0x00000000a6a00000| Untracked 
|  73|0x00000000a6b00000, 0x00000000a6b00000, 0x00000000a6c00000|  0%| F|  |TAMS 0x00000000a6b00000, 0x00000000a6b00000| Untracked 
|  74|0x00000000a6c00000, 0x00000000a6c00000, 0x00000000a6d00000|  0%| F|  |TAMS 0x00000000a6c00000, 0x00000000a6c00000| Untracked 
|  75|0x00000000a6d00000, 0x00000000a6d00000, 0x00000000a6e00000|  0%| F|  |TAMS 0x00000000a6d00000, 0x00000000a6d00000| Untracked 
|  76|0x00000000a6e00000, 0x00000000a6e00000, 0x00000000a6f00000|  0%| F|  |TAMS 0x00000000a6e00000, 0x00000000a6e00000| Untracked 
|  77|0x00000000a6f00000, 0x00000000a6f00000, 0x00000000a7000000|  0%| F|  |TAMS 0x00000000a6f00000, 0x00000000a6f00000| Untracked 
|  78|0x00000000a7000000, 0x00000000a7000000, 0x00000000a7100000|  0%| F|  |TAMS 0x00000000a7000000, 0x00000000a7000000| Untracked 
|  79|0x00000000a7100000, 0x00000000a7100000, 0x00000000a7200000|  0%| F|  |TAMS 0x00000000a7100000, 0x00000000a7100000| Untracked 
|  80|0x00000000a7200000, 0x00000000a7200000, 0x00000000a7300000|  0%| F|  |TAMS 0x00000000a7200000, 0x00000000a7200000| Untracked 
|  81|0x00000000a7300000, 0x00000000a7300000, 0x00000000a7400000|  0%| F|  |TAMS 0x00000000a7300000, 0x00000000a7300000| Untracked 
|  82|0x00000000a7400000, 0x00000000a7400000, 0x00000000a7500000|  0%| F|  |TAMS 0x00000000a7400000, 0x00000000a7400000| Untracked 
|  83|0x00000000a7500000, 0x00000000a7500000, 0x00000000a7600000|  0%| F|  |TAMS 0x00000000a7500000, 0x00000000a7500000| Untracked 
|  84|0x00000000a7600000, 0x00000000a7600000, 0x00000000a7700000|  0%| F|  |TAMS 0x00000000a7600000, 0x00000000a7600000| Untracked 
|  85|0x00000000a7700000, 0x00000000a7700000, 0x00000000a7800000|  0%| F|  |TAMS 0x00000000a7700000, 0x00000000a7700000| Untracked 
|  86|0x00000000a7800000, 0x00000000a7800000, 0x00000000a7900000|  0%| F|  |TAMS 0x00000000a7800000, 0x00000000a7800000| Untracked 
|  87|0x00000000a7900000, 0x00000000a7900000, 0x00000000a7a00000|  0%| F|  |TAMS 0x00000000a7900000, 0x00000000a7900000| Untracked 
|  88|0x00000000a7a00000, 0x00000000a7b00000, 0x00000000a7b00000|100%| E|  |TAMS 0x00000000a7a00000, 0x00000000a7a00000| Complete 
|  89|0x00000000a7b00000, 0x00000000a7c00000, 0x00000000a7c00000|100%| E|CS|TAMS 0x00000000a7b00000, 0x00000000a7b00000| Complete 
|  90|0x00000000a7c00000, 0x00000000a7d00000, 0x00000000a7d00000|100%| E|CS|TAMS 0x00000000a7c00000, 0x00000000a7c00000| Complete 
|  91|0x00000000a7d00000, 0x00000000a7e00000, 0x00000000a7e00000|100%| E|  |TAMS 0x00000000a7d00000, 0x00000000a7d00000| Complete 
|  92|0x00000000a7e00000, 0x00000000a7f00000, 0x00000000a7f00000|100%| E|CS|TAMS 0x00000000a7e00000, 0x00000000a7e00000| Complete 
|  93|0x00000000a7f00000, 0x00000000a8000000, 0x00000000a8000000|100%| E|CS|TAMS 0x00000000a7f00000, 0x00000000a7f00000| Complete 

Card table byte_map: [0x000002372ab60000,0x000002372ae50000] _byte_map_base: 0x000002372a64f000

Marking Bits (Prev, Next): (CMBitMap*) 0x00000237130e0e50, (CMBitMap*) 0x00000237130e0e90
 Prev Bits: [0x000002372b140000, 0x000002372c8b8000)
 Next Bits: [0x000002372c8c0000, 0x000002372e038000)

Polling page: 0x0000023712850000

Metaspace:

Usage:
  Non-class:      1.75 MB used.
      Class:    183.82 KB used.
       Both:      1.93 MB used.

Virtual space:
  Non-class space:       64.00 MB reserved,       1.81 MB (  3%) committed,  1 nodes.
      Class space:        1.00 GB reserved,     256.00 KB ( <1%) committed,  1 nodes.
             Both:        1.06 GB reserved,       2.06 MB ( <1%) committed. 

Chunk freelists:
   Non-Class:  3.41 MB
       Class:  3.66 MB
        Both:  7.06 MB

MaxMetaspaceSize: unlimited
CompressedClassSpaceSize: 1.00 GB
Initial GC threshold: 21.00 MB
Current GC threshold: 21.00 MB
CDS: on
MetaspaceReclaimPolicy: balanced
 - commit_granule_bytes: 65536.
 - commit_granule_words: 8192.
 - virtual_space_node_default_size: 8388608.
 - enlarge_chunks_in_place: 1.
 - new_chunks_are_fully_committed: 0.
 - uncommit_free_chunks: 1.
 - use_allocation_guard: 0.


Internal statistics:

num_allocs_failed_limit: 0.
num_arena_births: 66.
num_arena_deaths: 0.
num_vsnodes_births: 2.
num_vsnodes_deaths: 0.
num_space_committed: 33.
num_space_uncommitted: 0.
num_chunks_returned_to_freelist: 0.
num_chunks_taken_from_freelist: 98.
num_chunk_merges: 0.
num_chunk_splits: 66.
num_chunks_enlarged: 46.
num_inconsistent_stats: 0.

CodeHeap 'non-profiled nmethods': size=119168Kb used=178Kb max_used=178Kb free=118989Kb
 bounds [0x0000023722b90000, 0x0000023722e00000, 0x0000023729ff0000]
CodeHeap 'profiled nmethods': size=119104Kb used=884Kb max_used=884Kb free=118219Kb
 bounds [0x000002371aff0000, 0x000002371b260000, 0x0000023722440000]
CodeHeap 'non-nmethods': size=7488Kb used=1255Kb max_used=2961Kb free=6232Kb
 bounds [0x0000023722440000, 0x0000023722730000, 0x0000023722b90000]
 total_blobs=1116 nmethods=646 adapters=381
 compilation: enabled
              stopped_count=0, restarted_count=0
 full_count=0

Compilation events (20 events):
Event: 2.503 Thread 0x00000237354d0970 nmethod 636 0x000002371b0c8610 code [0x000002371b0c87c0, 0x000002371b0c8988]
Event: 2.503 Thread 0x0000023730fcbf80 nmethod 637 0x000002371b0c8a90 code [0x000002371b0c8c40, 0x000002371b0c8e38]
Event: 2.880 Thread 0x0000023730fcbf80  638       1       java.nio.Buffer::capacity (5 bytes)
Event: 2.880 Thread 0x0000023730fcbf80 nmethod 638 0x0000023722bbc890 code [0x0000023722bbca20, 0x0000023722bbcad8]
Event: 2.968 Thread 0x0000023730fcbf80  639       3       java.util.ArrayList::grow (60 bytes)
Event: 2.969 Thread 0x0000023730fcbf80 nmethod 639 0x000002371b0c8f10 code [0x000002371b0c9120, 0x000002371b0c9778]
Event: 3.168 Thread 0x0000023730fcbf80  640       3       java.lang.String::codePointAt (50 bytes)
Event: 3.169 Thread 0x0000023730fcbf80 nmethod 640 0x000002371b0c9990 code [0x000002371b0c9b80, 0x000002371b0c9fe8]
Event: 3.347 Thread 0x0000023730fcbf80  641       3       java.nio.Buffer::position (52 bytes)
Event: 3.347 Thread 0x0000023730fcbf80 nmethod 641 0x000002371b0ca210 code [0x000002371b0ca3c0, 0x000002371b0ca648]
Event: 3.610 Thread 0x0000023730fcbf80  642       3       java.util.regex.Pattern$Branch::match (66 bytes)
Event: 3.611 Thread 0x0000023730fcbf80 nmethod 642 0x000002371b0ca710 code [0x000002371b0ca900, 0x000002371b0cadd8]
Event: 3.628 Thread 0x0000023730fcbf80  643       3       java.util.regex.Matcher::reset (128 bytes)
Event: 3.628 Thread 0x0000023730fcbf80 nmethod 643 0x000002371b0caf90 code [0x000002371b0cb180, 0x000002371b0cb738]
Event: 3.636 Thread 0x0000023730fcbf80  644       3       java.util.regex.Matcher::usePattern (122 bytes)
Event: 3.637 Thread 0x0000023730fcbf80 nmethod 644 0x000002371b0cb990 code [0x000002371b0cbb80, 0x000002371b0cc328]
Event: 3.637 Thread 0x0000023730fcbf80  645       3       java.nio.Buffer::limit (65 bytes)
Event: 3.637 Thread 0x0000023730fcbf80 nmethod 645 0x000002371b0cc590 code [0x000002371b0cc740, 0x000002371b0cca08]
Event: 3.644 Thread 0x0000023730fcbf80  646       3       java.lang.ref.PhantomReference::<init> (7 bytes)
Event: 3.645 Thread 0x0000023730fcbf80 nmethod 646 0x000002371b0ccb10 code [0x000002371b0cccc0, 0x000002371b0ccf98]

GC Heap History (0 events):
No events

Dll operation events (8 events):
Event: 0.007 Loaded shared library C:\Program Files\Java\jdk-19\bin\java.dll
Event: 0.015 Loaded shared library C:\Program Files\Java\jdk-19\bin\jsvml.dll
Event: 0.072 Loaded shared library C:\Program Files\Java\jdk-19\bin\net.dll
Event: 0.074 Loaded shared library C:\Program Files\Java\jdk-19\bin\nio.dll
Event: 0.078 Loaded shared library C:\Program Files\Java\jdk-19\bin\jimage.dll
Event: 0.107 Loaded shared library C:\Program Files\Java\jdk-19\bin\zip.dll
Event: 0.165 Loaded shared library C:\Users\lucas\.javacpp\cache\jaylib.jar\com\raylib\windows-x86_64\raylib.dll
Event: 0.170 Loaded shared library C:\Users\lucas\.javacpp\cache\jaylib.jar\com\raylib\windows-x86_64\jniRaylib.dll

Deoptimization events (6 events):
Event: 0.094 Thread 0x00000237130905f0 Uncommon trap: trap_request=0xffffff45 fr.pc=0x0000023722ba39b0 relative=0x00000000000006b0
Event: 0.094 Thread 0x00000237130905f0 Uncommon trap: reason=unstable_if action=reinterpret pc=0x0000023722ba39b0 method=java.util.regex.Matcher.search(I)Z @ 30 c2
Event: 0.094 Thread 0x00000237130905f0 DEOPT PACKING pc=0x0000023722ba39b0 sp=0x00000084ae4fed50
Event: 0.094 Thread 0x00000237130905f0 DEOPT UNPACKING pc=0x00000237224a6da3 sp=0x00000084ae4fed30 mode 2
Event: 0.168 Thread 0x00000237130905f0 DEOPT PACKING pc=0x000002371b017967 sp=0x00000084ae4fda70
Event: 0.168 Thread 0x00000237130905f0 DEOPT UNPACKING pc=0x00000237224a7543 sp=0x00000084ae4fce90 mode 0

Classes loaded (20 events):
Event: 0.148 Loading class java/lang/Class$AnnotationData
Event: 0.148 Loading class java/lang/Class$AnnotationData done
Event: 0.157 Loading class sun/util/calendar/ZoneInfoFile$Checksum
Event: 0.158 Loading class sun/util/calendar/ZoneInfoFile$Checksum done
Event: 0.158 Loading class java/time/zone/ZoneRulesProvider
Event: 0.158 Loading class java/time/zone/ZoneRulesProvider done
Event: 0.159 Loading class java/time/zone/ZoneRulesProvider$1
Event: 0.159 Loading class java/time/zone/ZoneRulesProvider$1 done
Event: 0.159 Loading class java/time/zone/TzdbZoneRulesProvider
Event: 0.159 Loading class java/time/zone/TzdbZoneRulesProvider done
Event: 0.162 Loading class java/time/zone/Ser
Event: 0.162 Loading class java/io/Externalizable
Event: 0.162 Loading class java/io/Externalizable done
Event: 0.162 Loading class java/time/zone/Ser done
Event: 0.162 Loading class java/time/zone/ZoneOffsetTransition
Event: 0.163 Loading class java/time/zone/ZoneOffsetTransition done
Event: 0.163 Loading class java/util/concurrent/TimeUnit$1
Event: 0.163 Loading class java/util/concurrent/TimeUnit$1 done
Event: 0.176 Loading class java/lang/NumberFormatException
Event: 0.176 Loading class java/lang/NumberFormatException done

Classes unloaded (0 events):
No events

Classes redefined (0 events):
No events

Internal exceptions (6 events):
Event: 0.116 Thread 0x00000237130905f0 Exception <a 'java/lang/NoSuchMethodError'{0x00000000a7c38230}: 'int java.lang.invoke.DirectMethodHandle$Holder.invokeStaticInit(java.lang.Object, java.lang.Object, java.lang.Object, java.lang.Object)'> (0x00000000a7c38230) 
thrown [s\open\src\hotspot\share\interpreter\linkResolver.cpp, line 774]
Event: 0.117 Thread 0x00000237130905f0 Exception <a 'java/lang/NoSuchMethodError'{0x00000000a7c41b68}: 'java.lang.Object java.lang.invoke.DirectMethodHandle$Holder.invokeInterface(java.lang.Object, java.lang.Object)'> (0x00000000a7c41b68) 
thrown [s\open\src\hotspot\share\interpreter\linkResolver.cpp, line 774]
Event: 0.118 Thread 0x00000237130905f0 Exception <a 'java/lang/IncompatibleClassChangeError'{0x00000000a7c45158}: Found class java.lang.Object, but interface was expected> (0x00000000a7c45158) 
thrown [s\open\src\hotspot\share\interpreter\linkResolver.cpp, line 841]
Event: 0.118 Thread 0x00000237130905f0 Exception <a 'java/lang/NoSuchMethodError'{0x00000000a7c48270}: 'void java.lang.invoke.DirectMethodHandle$Holder.invokeStatic(java.lang.Object, java.lang.Object)'> (0x00000000a7c48270) 
thrown [s\open\src\hotspot\share\interpreter\linkResolver.cpp, line 774]
Event: 0.118 Thread 0x00000237130905f0 Exception <a 'java/lang/NoSuchMethodError'{0x00000000a7c4b8e0}: 'void java.lang.invoke.DirectMethodHandle$Holder.invokeStaticInit(java.lang.Object, java.lang.Object)'> (0x00000000a7c4b8e0) 
thrown [s\open\src\hotspot\share\interpreter\linkResolver.cpp, line 774]
Event: 0.119 Thread 0x00000237130905f0 Exception <a 'java/lang/NoSuchMethodError'{0x00000000a7c51c58}: 'int java.lang.invoke.DirectMethodHandle$Holder.invokeStaticInit(java.lang.Object, java.lang.Object)'> (0x00000000a7c51c58) 
thrown [s\open\src\hotspot\share\interpreter\linkResolver.cpp, line 774]

VM Operations (6 events):
Event: 0.107 Executing VM operation: HandshakeAllThreads
Event: 0.107 Executing VM operation: HandshakeAllThreads done
Event: 1.119 Executing VM operation: Cleanup
Event: 1.119 Executing VM operation: Cleanup done
Event: 2.126 Executing VM operation: Cleanup
Event: 2.126 Executing VM operation: Cleanup done

Events (20 events):
Event: 0.028 Thread 0x0000023730fb8990 Thread added: 0x0000023730fb8990
Event: 0.028 Thread 0x0000023730fb90d0 Thread added: 0x0000023730fb90d0
Event: 0.028 Thread 0x0000023730fbcb90 Thread added: 0x0000023730fbcb90
Event: 0.028 Thread 0x0000023730fbf1e0 Thread added: 0x0000023730fbf1e0
Event: 0.028 Thread 0x0000023730fbf720 Thread added: 0x0000023730fbf720
Event: 0.028 Thread 0x0000023730fc1c70 Thread added: 0x0000023730fc1c70
Event: 0.028 Thread 0x0000023730fc64f0 Thread added: 0x0000023730fc64f0
Event: 0.028 Thread 0x0000023730fcbf80 Thread added: 0x0000023730fcbf80
Event: 0.028 Thread 0x0000023730fd6a90 Thread added: 0x0000023730fd6a90
Event: 0.041 Thread 0x00000237354d0970 Thread added: 0x00000237354d0970
Event: 0.041 Thread 0x00000237354d7320 Thread added: 0x00000237354d7320
Event: 0.042 Thread 0x0000023730fd5000 Thread added: 0x0000023730fd5000
Event: 0.046 Thread 0x0000023730fd5ff0 Thread added: 0x0000023730fd5ff0
Event: 0.124 Thread 0x000002373570df70 Thread added: 0x000002373570df70
Event: 0.155 Thread 0x0000023735756620 Thread added: 0x0000023735756620
Event: 0.176 Thread 0x0000023730fd5550 Thread added: 0x0000023730fd5550
Event: 0.351 Thread 0x000002373570df70 Thread exited: 0x000002373570df70
Event: 1.165 Thread 0x0000023735756620 Thread exited: 0x0000023735756620
Event: 1.165 Thread 0x00000237354d7320 Thread exited: 0x00000237354d7320
Event: 3.168 Thread 0x00000237354d0970 Thread exited: 0x00000237354d0970


Dynamic libraries:
0x00007ff76db60000 - 0x00007ff76db70000 	C:\Program Files\Java\jdk-19\bin\java.exe
0x00007ffc1add0000 - 0x00007ffc1afe4000 	C:\WINDOWS\SYSTEM32\ntdll.dll
0x00007ffbea570000 - 0x00007ffbea589000 	C:\Program Files\Avast Software\Avast\aswhook.dll
0x00007ffc19c20000 - 0x00007ffc19ce4000 	C:\WINDOWS\System32\KERNEL32.DLL
0x00007ffc18540000 - 0x00007ffc188e4000 	C:\WINDOWS\System32\KERNELBASE.dll
0x00007ffc18300000 - 0x00007ffc18411000 	C:\WINDOWS\System32\ucrtbase.dll
0x00007ffc13270000 - 0x00007ffc13288000 	C:\Program Files\Java\jdk-19\bin\jli.dll
0x00007ffc13250000 - 0x00007ffc1326b000 	C:\Program Files\Java\jdk-19\bin\VCRUNTIME140.dll
0x00007ffc18e00000 - 0x00007ffc18eb0000 	C:\WINDOWS\System32\ADVAPI32.dll
0x00007ffc18b90000 - 0x00007ffc18c37000 	C:\WINDOWS\System32\msvcrt.dll
0x00007ffc19ea0000 - 0x00007ffc19f46000 	C:\WINDOWS\System32\sechost.dll
0x00007ffc19f50000 - 0x00007ffc1a067000 	C:\WINDOWS\System32\RPCRT4.dll
0x00007ffc196f0000 - 0x00007ffc1989a000 	C:\WINDOWS\System32\USER32.dll
0x00007ffc181b0000 - 0x00007ffc181d6000 	C:\WINDOWS\System32\win32u.dll
0x00007ffbff540000 - 0x00007ffbff7cf000 	C:\WINDOWS\WinSxS\amd64_microsoft.windows.common-controls_6595b64144ccf1df_6.0.22621.2070_none_2713e6537381f706\COMCTL32.dll
0x00007ffc19e70000 - 0x00007ffc19e99000 	C:\WINDOWS\System32\GDI32.dll
0x00007ffc18420000 - 0x00007ffc18539000 	C:\WINDOWS\System32\gdi32full.dll
0x00007ffc181e0000 - 0x00007ffc1827a000 	C:\WINDOWS\System32\msvcp_win.dll
0x00007ffc0e630000 - 0x00007ffc0e63a000 	C:\WINDOWS\SYSTEM32\VERSION.dll
0x00007ffc19b00000 - 0x00007ffc19b31000 	C:\WINDOWS\System32\IMM32.DLL
0x00007ffc14830000 - 0x00007ffc1483c000 	C:\Program Files\Java\jdk-19\bin\vcruntime140_1.dll
0x00007ffc083f0000 - 0x00007ffc0847e000 	C:\Program Files\Java\jdk-19\bin\msvcp140.dll
0x00007ffb6b4e0000 - 0x00007ffb6c1a0000 	C:\Program Files\Java\jdk-19\bin\server\jvm.dll
0x00007ffc10a60000 - 0x00007ffc10a94000 	C:\WINDOWS\SYSTEM32\WINMM.dll
0x00007ffc0b450000 - 0x00007ffc0b459000 	C:\WINDOWS\SYSTEM32\WSOCK32.dll
0x00007ffc1ad10000 - 0x00007ffc1ad81000 	C:\WINDOWS\System32\WS2_32.dll
0x00007ffc17180000 - 0x00007ffc17198000 	C:\WINDOWS\SYSTEM32\kernel.appcore.dll
0x00007ffc13240000 - 0x00007ffc1324a000 	C:\Program Files\Java\jdk-19\bin\jimage.dll
0x00007ffc15c40000 - 0x00007ffc15e6e000 	C:\WINDOWS\SYSTEM32\DBGHELP.DLL
0x00007ffc191a0000 - 0x00007ffc1952a000 	C:\WINDOWS\System32\combase.dll
0x00007ffc19cf0000 - 0x00007ffc19dc7000 	C:\WINDOWS\System32\OLEAUT32.dll
0x00007ffc0d930000 - 0x00007ffc0d962000 	C:\WINDOWS\SYSTEM32\dbgcore.DLL
0x00007ffc18280000 - 0x00007ffc182fa000 	C:\WINDOWS\System32\bcryptPrimitives.dll
0x00007ffc0bc60000 - 0x00007ffc0bc86000 	C:\Program Files\Java\jdk-19\bin\java.dll
0x00007ffc08280000 - 0x00007ffc08357000 	C:\Program Files\Java\jdk-19\bin\jsvml.dll
0x00007ffc1a4f0000 - 0x00007ffc1ad06000 	C:\WINDOWS\System32\SHELL32.dll
0x00007ffc16130000 - 0x00007ffc16a1a000 	C:\WINDOWS\SYSTEM32\windows.storage.dll
0x00007ffc15ff0000 - 0x00007ffc1612e000 	C:\WINDOWS\SYSTEM32\wintypes.dll
0x00007ffc19a00000 - 0x00007ffc19af3000 	C:\WINDOWS\System32\SHCORE.dll
0x00007ffc19140000 - 0x00007ffc1919e000 	C:\WINDOWS\System32\shlwapi.dll
0x00007ffc180e0000 - 0x00007ffc18106000 	C:\WINDOWS\SYSTEM32\profapi.dll
0x00007ffc0bc40000 - 0x00007ffc0bc53000 	C:\Program Files\Java\jdk-19\bin\net.dll
0x00007ffc10240000 - 0x00007ffc10377000 	C:\WINDOWS\SYSTEM32\WINHTTP.dll
0x00007ffc17670000 - 0x00007ffc176d9000 	C:\WINDOWS\system32\mswsock.dll
0x00007ffc08b40000 - 0x00007ffc08b56000 	C:\Program Files\Java\jdk-19\bin\nio.dll
0x00007ffc08760000 - 0x00007ffc08778000 	C:\Program Files\Java\jdk-19\bin\zip.dll
0x00007ffb99830000 - 0x00007ffb9995f000 	C:\Users\lucas\.javacpp\cache\jaylib.jar\com\raylib\windows-x86_64\raylib.dll
0x00007ffc081f0000 - 0x00007ffc0827b000 	C:\Users\lucas\.javacpp\cache\jaylib.jar\com\raylib\windows-x86_64\jniRaylib.dll

dbghelp: loaded successfully - version: 4.0.5 - missing functions: none
symbol engine: initialized successfully - sym options: 0x614 - pdb path: .;C:\Program Files\Java\jdk-19\bin;C:\WINDOWS\SYSTEM32;C:\Program Files\Avast Software\Avast;C:\WINDOWS\WinSxS\amd64_microsoft.windows.common-controls_6595b64144ccf1df_6.0.22621.2070_none_2713e6537381f706;C:\Program Files\Java\jdk-19\bin\server;C:\Users\lucas\.javacpp\cache\jaylib.jar\com\raylib\windows-x86_64

VM Arguments:
jvm_args: -XX:+ShowCodeDetailsInExceptionMessages 
java_command: programaPrincipal.ProgramaPrincipal
java_class_path (initial): C:\Users\lucas\AppData\Roaming\Code\User\workspaceStorage\072c01ca175207b235545bfbb02b0908\redhat.java\jdt_ws\HighUFRGSMusical_4a3d255e\bin;c:\Users\lucas\OneDrive\UFRGS\TCP\HighUFRGSMusical\lib\jaylib.jar
Launcher Type: SUN_STANDARD

[Global flags]
     intx CICompilerCount                          = 12                                        {product} {ergonomic}
     uint ConcGCThreads                            = 3                                         {product} {ergonomic}
     uint G1ConcRefinementThreads                  = 13                                        {product} {ergonomic}
   size_t G1HeapRegionSize                         = 1048576                                   {product} {ergonomic}
    uintx GCDrainStackTargetSize                   = 64                                        {product} {ergonomic}
   size_t InitialHeapSize                          = 98566144                                  {product} {ergonomic}
   size_t MarkStackSize                            = 4194304                                   {product} {ergonomic}
   size_t MaxHeapSize                              = 1574961152                                {product} {ergonomic}
   size_t MaxNewSize                               = 944766976                                 {product} {ergonomic}
   size_t MinHeapDeltaBytes                        = 1048576                                   {product} {ergonomic}
   size_t MinHeapSize                              = 8388608                                   {product} {ergonomic}
    uintx NonNMethodCodeHeapSize                   = 7602480                                {pd product} {ergonomic}
    uintx NonProfiledCodeHeapSize                  = 122027880                              {pd product} {ergonomic}
    uintx ProfiledCodeHeapSize                     = 122027880                              {pd product} {ergonomic}
    uintx ReservedCodeCacheSize                    = 251658240                              {pd product} {ergonomic}
     bool SegmentedCodeCache                       = true                                      {product} {ergonomic}
     bool ShowCodeDetailsInExceptionMessages       = true                                   {manageable} {command line}
   size_t SoftMaxHeapSize                          = 1574961152                             {manageable} {ergonomic}
     bool UseCompressedClassPointers               = true                           {product lp64_product} {ergonomic}
     bool UseCompressedOops                        = true                           {product lp64_product} {ergonomic}
     bool UseG1GC                                  = true                                      {product} {ergonomic}
     bool UseLargePagesIndividualAllocation        = false                                  {pd product} {ergonomic}

Logging:
Log output configuration:
 #0: stdout all=warning uptime,level,tags foldmultilines=false
 #1: stderr all=off uptime,level,tags foldmultilines=false

Environment Variables:
PATH=C:\Program Files\Common Files\Oracle\Java\javapath;C:\Program Files (x86)\Common Files\Oracle\Java\javapath;C:\WINDOWS\system32;C:\WINDOWS;C:\WINDOWS\System32\Wbem;C:\WINDOWS\System32\WindowsPowerShell\v1.0\;C:\WINDOWS\System32\OpenSSH\;C:\MinGW\msys\1.0\bin;C:\MinGW\bin;C:\Program Files\CodeBlocks\MinGW\bin;C:\opencv\build\x64\vc15\bin;C:\Program Files\CMake\bin;C:\Program Files\nodejs\;C:\Program Files\Git\cmd;C:\Qt\6.4.1\mingw_64\bin;C:\Users\lucas\AppData\Local\Microsoft\WindowsApps;C:\Users\lucas\AppData\Local\Programs\Microsoft VS Code\bin;C:\Users\lucas\AppData\Local\Programs\MiKTeX\miktex\bin\x64\;C:\MinGW\bin;C:\MinGW\msys\1.0\bin;C:\Users\lucas\Desktop\ \ansi189-bin\x64;C:\Users\lucas\AppData\Roaming\npm;C:\Users\lucas\AppData\Local\GitHubDesktop\bin;C:\Qt\6.4.1\mingw_64\bin;C:\Users\lucas\AppData\Local\Packages\PythonSoftwareFoundation.Python.3.10_qbz5n2kfra8p0\LocalCache\local-packages\Python310\Scripts;
USERNAME=lucas
LANG=en_US.UTF-8
OS=Windows_NT
PROCESSOR_IDENTIFIER=AMD64 Family 23 Model 104 Stepping 1, AuthenticAMD
TMP=C:\Users\lucas\AppData\Local\Temp
TEMP=C:\Users\lucas\AppData\Local\Temp



---------------  S Y S T E M  ---------------

OS:
 Windows 11 , 64 bit Build 22621 (10.0.22621.2070)
OS uptime: 0 days 2:20 hours
Hyper-V role detected

CPU: total 16 (initial active 16) (16 cores per cpu, 2 threads per core) family 23 model 104 stepping 1 microcode 0x0, cx8, cmov, fxsr, ht, mmx, 3dnowpref, sse, sse2, sse3, ssse3, sse4a, sse4.1, sse4.2, popcnt, lzcnt, tsc, tscinvbit, avx, avx2, aes, clmul, bmi1, bmi2, adx, sha, fma, vzeroupper, clflush, clflushopt, hv, rdtscp, rdpid

Memory: 4k page, system-wide physical 6005M (565M free)
TotalPageFile size 12831M (AvailPageFile size 1473M)
current process WorkingSet (physical memory assigned to process): 905M, peak: 921M
current process commit charge ("private bytes"): 1053M, peak: 1069M

vm_info: Java HotSpot(TM) 64-Bit Server VM (19.0.1+10-21) for windows-amd64 JRE (19.0.1+10-21), built on 2022-09-14T12:45:06Z by "mach5one" with MS VC++ 17.1 (VS2022)

END.
